The system is: Linux - 5.0.0-32-generic - x86_64
Compiling the C compiler identification source file "CMakeCCompilerId.c" succeeded.
Compiler: /usr/bin/x86_64-w64-mingw32-gcc 
Build flags: 
Id flags:  

The output was:
0


Compilation of the C compiler identification source "CMakeCCompilerId.c" produced "a.exe"

The C compiler identification is GNU, found in "/home/maxim/CppProjects/GameProject/2dTennisGame/cmake-build-debug-windows/CMakeFiles/3.13.4/CompilerIdC/a.exe"

Compiling the CXX compiler identification source file "CMakeCXXCompilerId.cpp" succeeded.
Compiler: /usr/bin/x86_64-w64-mingw32-g++ 
Build flags: 
Id flags:  

The output was:
0


Compilation of the CXX compiler identification source "CMakeCXXCompilerId.cpp" produced "a.exe"

The CXX compiler identification is GNU, found in "/home/maxim/CppProjects/GameProject/2dTennisGame/cmake-build-debug-windows/CMakeFiles/3.13.4/CompilerIdCXX/a.exe"

Determining if the C compiler works passed with the following output:
Change Dir: /home/maxim/CppProjects/GameProject/2dTennisGame/cmake-build-debug-windows/CMakeFiles/CMakeTmp

Run Build Command:"/usr/bin/make" "cmTC_c3355/fast"
/usr/bin/make -f CMakeFiles/cmTC_c3355.dir/build.make CMakeFiles/cmTC_c3355.dir/build
make[1]: Entering directory '/home/maxim/CppProjects/GameProject/2dTennisGame/cmake-build-debug-windows/CMakeFiles/CMakeTmp'
Building C object CMakeFiles/cmTC_c3355.dir/testCCompiler.c.o
/usr/bin/x86_64-w64-mingw32-gcc    -o CMakeFiles/cmTC_c3355.dir/testCCompiler.c.o   -c /home/maxim/CppProjects/GameProject/2dTennisGame/cmake-build-debug-windows/CMakeFiles/CMakeTmp/testCCompiler.c
Linking C executable cmTC_c3355
/usr/bin/cmake -E cmake_link_script CMakeFiles/cmTC_c3355.dir/link.txt --verbose=1
/usr/bin/x86_64-w64-mingw32-gcc      CMakeFiles/cmTC_c3355.dir/testCCompiler.c.o  -o cmTC_c3355 
make[1]: Leaving directory '/home/maxim/CppProjects/GameProject/2dTennisGame/cmake-build-debug-windows/CMakeFiles/CMakeTmp'


Determining if the CXX compiler works passed with the following output:
Change Dir: /home/maxim/CppProjects/GameProject/2dTennisGame/cmake-build-debug-windows/CMakeFiles/CMakeTmp

Run Build Command:"/usr/bin/make" "cmTC_ac979/fast"
/usr/bin/make -f CMakeFiles/cmTC_ac979.dir/build.make CMakeFiles/cmTC_ac979.dir/build
make[1]: Entering directory '/home/maxim/CppProjects/GameProject/2dTennisGame/cmake-build-debug-windows/CMakeFiles/CMakeTmp'
Building CXX object CMakeFiles/cmTC_ac979.dir/testCXXCompiler.cxx.o
/usr/bin/x86_64-w64-mingw32-g++     -o CMakeFiles/cmTC_ac979.dir/testCXXCompiler.cxx.o -c /home/maxim/CppProjects/GameProject/2dTennisGame/cmake-build-debug-windows/CMakeFiles/CMakeTmp/testCXXCompiler.cxx
Linking CXX executable cmTC_ac979
/usr/bin/cmake -E cmake_link_script CMakeFiles/cmTC_ac979.dir/link.txt --verbose=1
/usr/bin/x86_64-w64-mingw32-g++       CMakeFiles/cmTC_ac979.dir/testCXXCompiler.cxx.o  -o cmTC_ac979 
make[1]: Leaving directory '/home/maxim/CppProjects/GameProject/2dTennisGame/cmake-build-debug-windows/CMakeFiles/CMakeTmp'


