Detecting C compiler ABI info failed to compile with the following output:
Change Dir: /home/maxim/CppProjects/GameProject/2dTennisGame/cmake-build-debug-windows/CMakeFiles/CMakeTmp

Run Build Command:"/usr/bin/make" "cmTC_bd0f0/fast"
/usr/bin/make -f CMakeFiles/cmTC_bd0f0.dir/build.make CMakeFiles/cmTC_bd0f0.dir/build
make[1]: Entering directory '/home/maxim/CppProjects/GameProject/2dTennisGame/cmake-build-debug-windows/CMakeFiles/CMakeTmp'
Building C object CMakeFiles/cmTC_bd0f0.dir/CMakeCCompilerABI.c.o
/usr/bin/x86_64-w64-mingw32-gcc    -o CMakeFiles/cmTC_bd0f0.dir/CMakeCCompilerABI.c.o   -c /usr/share/cmake-3.13/Modules/CMakeCCompilerABI.c
Linking C executable cmTC_bd0f0
/usr/bin/cmake -E cmake_link_script CMakeFiles/cmTC_bd0f0.dir/link.txt --verbose=1
/usr/bin/x86_64-w64-mingw32-gcc     -v CMakeFiles/cmTC_bd0f0.dir/CMakeCCompilerABI.c.o  -o cmTC_bd0f0 
Using built-in specs.
COLLECT_GCC=/usr/bin/x86_64-w64-mingw32-gcc
COLLECT_LTO_WRAPPER=/usr/lib/gcc/x86_64-w64-mingw32/8.3-win32/lto-wrapper
Target: x86_64-w64-mingw32
Configured with: ../../src/configure --build=x86_64-linux-gnu --prefix=/usr --includedir='/usr/include' --mandir='/usr/share/man' --infodir='/usr/share/info' --sysconfdir=/etc --localstatedir=/var --disable-silent-rules --libdir='/usr/lib/x86_64-linux-gnu' --libexecdir='/usr/lib/x86_64-linux-gnu' --disable-maintainer-mode --disable-dependency-tracking --prefix=/usr --enable-shared --enable-static --disable-multilib --with-system-zlib --libexecdir=/usr/lib --without-included-gettext --libdir=/usr/lib --enable-libstdcxx-time=yes --with-tune=generic --with-headers=/usr/x86_64-w64-mingw32/include --enable-version-specific-runtime-libs --enable-fully-dynamic-string --enable-libgomp --enable-languages=c,c++,fortran,objc,obj-c++,ada --enable-lto --with-plugin-ld --enable-threads=win32 --program-suffix=-win32 --program-prefix=x86_64-w64-mingw32- --target=x86_64-w64-mingw32 --with-as=/usr/bin/x86_64-w64-mingw32-as --with-ld=/usr/bin/x86_64-w64-mingw32-ld --enable-libatomic
Thread model: win32
gcc version 8.3-win32 20190406 (GCC) 
COMPILER_PATH=/usr/lib/gcc/x86_64-w64-mingw32/8.3-win32/:/usr/lib/gcc/x86_64-w64-mingw32/8.3-win32/:/usr/lib/gcc/x86_64-w64-mingw32/:/usr/lib/gcc/x86_64-w64-mingw32/8.3-win32/:/usr/lib/gcc/x86_64-w64-mingw32/:/usr/lib/gcc/x86_64-w64-mingw32/8.3-win32/../../../../x86_64-w64-mingw32/bin/
LIBRARY_PATH=/usr/lib/gcc/x86_64-w64-mingw32/8.3-win32/:/usr/lib/gcc/x86_64-w64-mingw32/8.3-win32/../../../../x86_64-w64-mingw32/lib/
COLLECT_GCC_OPTIONS='-v' '-o' 'cmTC_bd0f0.exe' '-mtune=generic' '-march=x86-64'
 /usr/lib/gcc/x86_64-w64-mingw32/8.3-win32/collect2 -m i386pep -Bdynamic -o cmTC_bd0f0.exe /usr/lib/gcc/x86_64-w64-mingw32/8.3-win32/../../../../x86_64-w64-mingw32/lib/crt2.o /usr/lib/gcc/x86_64-w64-mingw32/8.3-win32/crtbegin.o -L/usr/lib/gcc/x86_64-w64-mingw32/8.3-win32 -L/usr/lib/gcc/x86_64-w64-mingw32/8.3-win32/../../../../x86_64-w64-mingw32/lib CMakeFiles/cmTC_bd0f0.dir/CMakeCCompilerABI.c.o -lmingw32 -lgcc -lgcc_eh -lmoldname -lmingwex -lmsvcrt -ladvapi32 -lshell32 -luser32 -lkernel32 -lmingw32 -lgcc -lgcc_eh -lmoldname -lmingwex -lmsvcrt /usr/lib/gcc/x86_64-w64-mingw32/8.3-win32/crtend.o
COLLECT_GCC_OPTIONS='-v' '-o' 'cmTC_bd0f0.exe' '-mtune=generic' '-march=x86-64'
make[1]: Leaving directory '/home/maxim/CppProjects/GameProject/2dTennisGame/cmake-build-debug-windows/CMakeFiles/CMakeTmp'

Cannot copy output executable
  ''
to destination specified by COPY_FILE:
  '/home/maxim/CppProjects/GameProject/2dTennisGame/cmake-build-debug-windows/CMakeFiles/3.13.4/CMakeDetermineCompilerABI_C.bin'
Unable to find the executable at any of:
  /home/maxim/CppProjects/GameProject/2dTennisGame/cmake-build-debug-windows/CMakeFiles/CMakeTmp/cmTC_bd0f0
  /home/maxim/CppProjects/GameProject/2dTennisGame/cmake-build-debug-windows/CMakeFiles/CMakeTmp/Debug/cmTC_bd0f0
  /home/maxim/CppProjects/GameProject/2dTennisGame/cmake-build-debug-windows/CMakeFiles/CMakeTmp/Development/cmTC_bd0f0


Detecting C [-std=c11] compiler features failed to compile with the following output:
Change Dir: /home/maxim/CppProjects/GameProject/2dTennisGame/cmake-build-debug-windows/CMakeFiles/CMakeTmp

Run Build Command:"/usr/bin/make" "cmTC_ec306/fast"
/usr/bin/make -f CMakeFiles/cmTC_ec306.dir/build.make CMakeFiles/cmTC_ec306.dir/build
make[1]: Entering directory '/home/maxim/CppProjects/GameProject/2dTennisGame/cmake-build-debug-windows/CMakeFiles/CMakeTmp'
Building C object CMakeFiles/cmTC_ec306.dir/feature_tests.c.o
/usr/bin/x86_64-w64-mingw32-gcc   -std=c11 -o CMakeFiles/cmTC_ec306.dir/feature_tests.c.o   -c /home/maxim/CppProjects/GameProject/2dTennisGame/cmake-build-debug-windows/CMakeFiles/feature_tests.c
Linking C executable cmTC_ec306
/usr/bin/cmake -E cmake_link_script CMakeFiles/cmTC_ec306.dir/link.txt --verbose=1
/usr/bin/x86_64-w64-mingw32-gcc      CMakeFiles/cmTC_ec306.dir/feature_tests.c.o  -o cmTC_ec306 
make[1]: Leaving directory '/home/maxim/CppProjects/GameProject/2dTennisGame/cmake-build-debug-windows/CMakeFiles/CMakeTmp'

Cannot copy output executable
  ''
to destination specified by COPY_FILE:
  '/home/maxim/CppProjects/GameProject/2dTennisGame/cmake-build-debug-windows/CMakeFiles/feature_tests.bin'
Unable to find the executable at any of:
  /home/maxim/CppProjects/GameProject/2dTennisGame/cmake-build-debug-windows/CMakeFiles/CMakeTmp/cmTC_ec306
  /home/maxim/CppProjects/GameProject/2dTennisGame/cmake-build-debug-windows/CMakeFiles/CMakeTmp/Debug/cmTC_ec306
  /home/maxim/CppProjects/GameProject/2dTennisGame/cmake-build-debug-windows/CMakeFiles/CMakeTmp/Development/cmTC_ec306


Detecting CXX compiler ABI info failed to compile with the following output:
Change Dir: /home/maxim/CppProjects/GameProject/2dTennisGame/cmake-build-debug-windows/CMakeFiles/CMakeTmp

Run Build Command:"/usr/bin/make" "cmTC_e8eb3/fast"
/usr/bin/make -f CMakeFiles/cmTC_e8eb3.dir/build.make CMakeFiles/cmTC_e8eb3.dir/build
make[1]: Entering directory '/home/maxim/CppProjects/GameProject/2dTennisGame/cmake-build-debug-windows/CMakeFiles/CMakeTmp'
Building CXX object CMakeFiles/cmTC_e8eb3.dir/CMakeCXXCompilerABI.cpp.o
/usr/bin/x86_64-w64-mingw32-g++     -o CMakeFiles/cmTC_e8eb3.dir/CMakeCXXCompilerABI.cpp.o -c /usr/share/cmake-3.13/Modules/CMakeCXXCompilerABI.cpp
Linking CXX executable cmTC_e8eb3
/usr/bin/cmake -E cmake_link_script CMakeFiles/cmTC_e8eb3.dir/link.txt --verbose=1
/usr/bin/x86_64-w64-mingw32-g++      -v CMakeFiles/cmTC_e8eb3.dir/CMakeCXXCompilerABI.cpp.o  -o cmTC_e8eb3 
Using built-in specs.
COLLECT_GCC=/usr/bin/x86_64-w64-mingw32-g++
COLLECT_LTO_WRAPPER=/usr/lib/gcc/x86_64-w64-mingw32/8.3-win32/lto-wrapper
Target: x86_64-w64-mingw32
Configured with: ../../src/configure --build=x86_64-linux-gnu --prefix=/usr --includedir='/usr/include' --mandir='/usr/share/man' --infodir='/usr/share/info' --sysconfdir=/etc --localstatedir=/var --disable-silent-rules --libdir='/usr/lib/x86_64-linux-gnu' --libexecdir='/usr/lib/x86_64-linux-gnu' --disable-maintainer-mode --disable-dependency-tracking --prefix=/usr --enable-shared --enable-static --disable-multilib --with-system-zlib --libexecdir=/usr/lib --without-included-gettext --libdir=/usr/lib --enable-libstdcxx-time=yes --with-tune=generic --with-headers=/usr/x86_64-w64-mingw32/include --enable-version-specific-runtime-libs --enable-fully-dynamic-string --enable-libgomp --enable-languages=c,c++,fortran,objc,obj-c++,ada --enable-lto --with-plugin-ld --enable-threads=win32 --program-suffix=-win32 --program-prefix=x86_64-w64-mingw32- --target=x86_64-w64-mingw32 --with-as=/usr/bin/x86_64-w64-mingw32-as --with-ld=/usr/bin/x86_64-w64-mingw32-ld --enable-libatomic
Thread model: win32
gcc version 8.3-win32 20190406 (GCC) 
COMPILER_PATH=/usr/lib/gcc/x86_64-w64-mingw32/8.3-win32/:/usr/lib/gcc/x86_64-w64-mingw32/8.3-win32/:/usr/lib/gcc/x86_64-w64-mingw32/:/usr/lib/gcc/x86_64-w64-mingw32/8.3-win32/:/usr/lib/gcc/x86_64-w64-mingw32/:/usr/lib/gcc/x86_64-w64-mingw32/8.3-win32/../../../../x86_64-w64-mingw32/bin/
LIBRARY_PATH=/usr/lib/gcc/x86_64-w64-mingw32/8.3-win32/:/usr/lib/gcc/x86_64-w64-mingw32/8.3-win32/../../../../x86_64-w64-mingw32/lib/
COLLECT_GCC_OPTIONS='-v' '-o' 'cmTC_e8eb3.exe' '-shared-libgcc' '-mtune=generic' '-march=x86-64'
 /usr/lib/gcc/x86_64-w64-mingw32/8.3-win32/collect2 -m i386pep -Bdynamic -o cmTC_e8eb3.exe /usr/lib/gcc/x86_64-w64-mingw32/8.3-win32/../../../../x86_64-w64-mingw32/lib/crt2.o /usr/lib/gcc/x86_64-w64-mingw32/8.3-win32/crtbegin.o -L/usr/lib/gcc/x86_64-w64-mingw32/8.3-win32 -L/usr/lib/gcc/x86_64-w64-mingw32/8.3-win32/../../../../x86_64-w64-mingw32/lib CMakeFiles/cmTC_e8eb3.dir/CMakeCXXCompilerABI.cpp.o -lstdc++ -lmingw32 -lgcc_s -lgcc -lmoldname -lmingwex -lmsvcrt -ladvapi32 -lshell32 -luser32 -lkernel32 -lmingw32 -lgcc_s -lgcc -lmoldname -lmingwex -lmsvcrt /usr/lib/gcc/x86_64-w64-mingw32/8.3-win32/crtend.o
COLLECT_GCC_OPTIONS='-v' '-o' 'cmTC_e8eb3.exe' '-shared-libgcc' '-mtune=generic' '-march=x86-64'
make[1]: Leaving directory '/home/maxim/CppProjects/GameProject/2dTennisGame/cmake-build-debug-windows/CMakeFiles/CMakeTmp'

Cannot copy output executable
  ''
to destination specified by COPY_FILE:
  '/home/maxim/CppProjects/GameProject/2dTennisGame/cmake-build-debug-windows/CMakeFiles/3.13.4/CMakeDetermineCompilerABI_CXX.bin'
Unable to find the executable at any of:
  /home/maxim/CppProjects/GameProject/2dTennisGame/cmake-build-debug-windows/CMakeFiles/CMakeTmp/cmTC_e8eb3
  /home/maxim/CppProjects/GameProject/2dTennisGame/cmake-build-debug-windows/CMakeFiles/CMakeTmp/Debug/cmTC_e8eb3
  /home/maxim/CppProjects/GameProject/2dTennisGame/cmake-build-debug-windows/CMakeFiles/CMakeTmp/Development/cmTC_e8eb3


Detecting CXX [-std=c++2a] compiler features failed to compile with the following output:
Change Dir: /home/maxim/CppProjects/GameProject/2dTennisGame/cmake-build-debug-windows/CMakeFiles/CMakeTmp

Run Build Command:"/usr/bin/make" "cmTC_2160f/fast"
/usr/bin/make -f CMakeFiles/cmTC_2160f.dir/build.make CMakeFiles/cmTC_2160f.dir/build
make[1]: Entering directory '/home/maxim/CppProjects/GameProject/2dTennisGame/cmake-build-debug-windows/CMakeFiles/CMakeTmp'
Building CXX object CMakeFiles/cmTC_2160f.dir/feature_tests.cxx.o
/usr/bin/x86_64-w64-mingw32-g++    -std=c++2a -o CMakeFiles/cmTC_2160f.dir/feature_tests.cxx.o -c /home/maxim/CppProjects/GameProject/2dTennisGame/cmake-build-debug-windows/CMakeFiles/feature_tests.cxx
Linking CXX executable cmTC_2160f
/usr/bin/cmake -E cmake_link_script CMakeFiles/cmTC_2160f.dir/link.txt --verbose=1
/usr/bin/x86_64-w64-mingw32-g++       CMakeFiles/cmTC_2160f.dir/feature_tests.cxx.o  -o cmTC_2160f 
make[1]: Leaving directory '/home/maxim/CppProjects/GameProject/2dTennisGame/cmake-build-debug-windows/CMakeFiles/CMakeTmp'

Cannot copy output executable
  ''
to destination specified by COPY_FILE:
  '/home/maxim/CppProjects/GameProject/2dTennisGame/cmake-build-debug-windows/CMakeFiles/feature_tests.bin'
Unable to find the executable at any of:
  /home/maxim/CppProjects/GameProject/2dTennisGame/cmake-build-debug-windows/CMakeFiles/CMakeTmp/cmTC_2160f
  /home/maxim/CppProjects/GameProject/2dTennisGame/cmake-build-debug-windows/CMakeFiles/CMakeTmp/Debug/cmTC_2160f
  /home/maxim/CppProjects/GameProject/2dTennisGame/cmake-build-debug-windows/CMakeFiles/CMakeTmp/Development/cmTC_2160f


